0 info it worked if it ends with ok
1 verbose cli [ '/usr/local/bin/node', '/usr/local/bin/npm', 'publish' ]
2 info using npm@2.11.3
3 info using node@v0.12.7
4 verbose node symlink /usr/local/bin/node
5 verbose publish [ '.' ]
6 silly cache add args [ '.', null ]
7 verbose cache add spec .
8 silly cache add parsed spec { raw: '.',
8 silly cache add   scope: null,
8 silly cache add   name: null,
8 silly cache add   rawSpec: '.',
8 silly cache add   spec: '/Users/andineck/Development/github/requireomat',
8 silly cache add   type: 'directory' }
9 verbose addLocalDirectory /Users/andineck/.npm/requireomat/1.0.0/package.tgz not in flight; packing
10 verbose tar pack [ '/Users/andineck/.npm/requireomat/1.0.0/package.tgz',
10 verbose tar pack   '/Users/andineck/Development/github/requireomat' ]
11 verbose tarball /Users/andineck/.npm/requireomat/1.0.0/package.tgz
12 verbose folder /Users/andineck/Development/github/requireomat
13 info prepublish requireomat@1.0.0
14 verbose addLocalTarball adding from inside cache /Users/andineck/.npm/requireomat/1.0.0/package.tgz
15 silly cache afterAdd requireomat@1.0.0
16 verbose afterAdd /Users/andineck/.npm/requireomat/1.0.0/package/package.json not in flight; writing
17 verbose afterAdd /Users/andineck/.npm/requireomat/1.0.0/package/package.json written
18 silly publish { name: 'requireomat',
18 silly publish   version: '1.0.0',
18 silly publish   description: 'keeps your installed dependencies in sync with the require\'d modules in your code.',
18 silly publish   main: 'index.js',
18 silly publish   scripts: { test: 'echo "Error: no test specified" && exit 1' },
18 silly publish   repository:
18 silly publish    { type: 'git',
18 silly publish      url: 'https://github.com/andineck/requireomat.git' },
18 silly publish   keywords:
18 silly publish    [ 'require',
18 silly publish      'install',
18 silly publish      'dependencies',
18 silly publish      'dependency',
18 silly publish      'package.json' ],
18 silly publish   author: { name: 'Andi Neck' },
18 silly publish   license: 'MIT',
18 silly publish   bugs: { url: 'https://github.com/andineck/requireomat/issues' },
18 silly publish   homepage: 'https://github.com/andineck/requireomat',
18 silly publish   dependencies:
18 silly publish    { chalk: '^1.1.1',
18 silly publish      'check-dependencies': '^0.9.5',
18 silly publish      defaults: '^1.0.2',
18 silly publish      depcheck: '^0.4.7',
18 silly publish      depmissing: '^0.1.1',
18 silly publish      'run-series': '^1.1.2',
18 silly publish      shelljs: '^0.5.3',
18 silly publish      sliced: '^1.0.1',
18 silly publish      subarg: '^1.0.0' },
18 silly publish   readme: '# requireomat\n\n[![NPM](https://nodei.co/npm/requireomat.png)](https://nodei.co/npm/requireomat/)\n\nkeeps your installed dependencies in sync with the require\'d modules in your code.\n\nTired of these messages?\n\n\n```bash\n__Error: Cannot find module \'wtf@&!#\'__\n```\n\n\n> __requireomat__ to the rescue!\n> hassle free installing of your required modules.\n\n\n\n# install\ninstall it globally, you won\'t regret it. it is really useful for every module you develop.\n\n```bash\nnpm install -g requireomat\n```\n\n# usage\n\n 1. make sure you have got a package.json\n 2. write your code (you don\'t have to do any `npm install`\n 3. before you run your code, run: `requireomat` in the root directory of your project.\n 4. done.\n\n# options\n\nyou can run `requireomat` from the __command line__ as well as from your __node.js__ code.\n\navailable options:\n\n - verbose (alias: n)\n - dryrun\n - withoutDev\n - ignoreDirs\n - ignoreMatches\n - ignorePackages\n - saveDev\n - ignoreVersion\n - dir\n\n\n## command line\ncommand line options are handled with [subarg](https://npmjs.org/subarg).\n\n```bash\n\n# dryrun without action, only report\nrequireomat -n\n\n# fix installs in the current directory\nrequireomat\n\n# run with verbose logs\nrequireomat --verbose\n\n# check installs in a neighbour project (dir option)\nrequireomat ../my-friends-project --dryrun\n```\n\n## node.js\n\n```javascript\nvar requireomat = require(\'requireomat\');\n\nvar options = {\n  "dryrun": true,\n  "dir": "/my/computer/my-project",\n  "withoutDev": false,\n  "ignoreDirs": [\n    "sandbox",\n    "dist",\n    "bower_components"\n  ],\n  "ignore": [\n    "sandbox",\n    "dist",\n    "bower_components"\n  ],\n  "ignoreMatches": [],\n  "ignorePackages": []\n}\n\nrequireomat(options);\n\n```\n\n# license\n\nMIT\n\n# sponsored by\n\n[intesso](http://intesso.com)\n\n\n\n',
18 silly publish   readmeFilename: 'readme.md',
18 silly publish   gitHead: 'e357ae56cb112edcb5b7aca7fccb84ac76300524',
18 silly publish   _id: 'requireomat@1.0.0',
18 silly publish   _shasum: '2e6d24041401fd08d668dde84aa18769e2c337c7',
18 silly publish   _from: '.' }
19 verbose getPublishConfig undefined
20 silly mapToRegistry name requireomat
21 silly mapToRegistry using default registry
22 silly mapToRegistry registry https://registry.npmjs.org/
23 silly mapToRegistry uri https://registry.npmjs.org/requireomat
24 verbose publish registryBase https://registry.npmjs.org/
25 silly publish uploading /Users/andineck/.npm/requireomat/1.0.0/package.tgz
26 verbose request uri https://registry.npmjs.org/requireomat
27 verbose request sending authorization for write operation
28 info attempt registry request try #1 at 23:16:19
29 verbose request id deaeddcf8f4c56b3
30 http request PUT https://registry.npmjs.org/requireomat
31 http 403 https://registry.npmjs.org/requireomat
32 verbose headers { 'content-type': 'application/json',
32 verbose headers   'cache-control': 'max-age=60',
32 verbose headers   'content-length': '95',
32 verbose headers   'accept-ranges': 'bytes',
32 verbose headers   date: 'Fri, 04 Sep 2015 21:16:21 GMT',
32 verbose headers   via: '1.1 varnish',
32 verbose headers   connection: 'close',
32 verbose headers   'x-served-by': 'cache-lax1434-LAX',
32 verbose headers   'x-cache': 'MISS',
32 verbose headers   'x-cache-hits': '0',
32 verbose headers   'x-timer': 'S1441401380.538293,VS0,VE533' }
33 verbose request invalidating /Users/andineck/.npm/registry.npmjs.org/requireomat on PUT
34 error publish Failed PUT 403
35 verbose stack Error: "You cannot publish over the previously published version 1.0.0." : requireomat
35 verbose stack     at CachingRegistryClient.<anonymous> (/usr/local/lib/node_modules/npm/node_modules/npm-registry-client/lib/request.js:247:14)
35 verbose stack     at Request._callback (/usr/local/lib/node_modules/npm/node_modules/npm-registry-client/lib/request.js:170:14)
35 verbose stack     at Request.self.callback (/usr/local/lib/node_modules/npm/node_modules/request/request.js:354:22)
35 verbose stack     at Request.emit (events.js:110:17)
35 verbose stack     at Request.<anonymous> (/usr/local/lib/node_modules/npm/node_modules/request/request.js:1207:14)
35 verbose stack     at Request.emit (events.js:129:20)
35 verbose stack     at IncomingMessage.<anonymous> (/usr/local/lib/node_modules/npm/node_modules/request/request.js:1153:12)
35 verbose stack     at IncomingMessage.emit (events.js:129:20)
35 verbose stack     at _stream_readable.js:908:16
35 verbose stack     at process._tickCallback (node.js:355:11)
36 verbose statusCode 403
37 verbose pkgid requireomat
38 verbose cwd /Users/andineck/Development/github/requireomat
39 error Darwin 14.5.0
40 error argv "/usr/local/bin/node" "/usr/local/bin/npm" "publish"
41 error node v0.12.7
42 error npm  v2.11.3
43 error code E403
44 error "You cannot publish over the previously published version 1.0.0." : requireomat
45 error If you need help, you may report this error at:
45 error     <https://github.com/npm/npm/issues>
46 verbose exit [ 1, true ]
